<?xml version="1.0" encoding="UTF-8"?>
<testsuite name="Tienda Virtual Automation Practice" tests="1" skipped="0" failures="0" errors="0" timestamp="2021-11-02T06:26:16" hostname="LAPTOP-3I14U6IK" time="85.845">
  <properties/>
  <testcase name="comprar producto en automationpractice.com" classname="Tienda Virtual Automation Practice" time="85.845"/>
  <system-out><![CDATA[]]></system-out>
  <system-err><![CDATA[nov 02, 2021 1:26:18 AM org.openqa.selenium.remote.DesiredCapabilities chrome
INFORMACIÓN: Using `new ChromeOptions()` is preferred to `DesiredCapabilities.chrome()`
Starting ChromeDriver 95.0.4638.54 (d31a821ec901f68d0d34ccdbaea45b4c86ce543e-refs/branch-heads/4638@{#871}) on port 5171
Only local connections are allowed.
Please see https://chromedriver.chromium.org/security-considerations for suggestions on keeping ChromeDriver safe.
ChromeDriver was started successfully.
nov 02, 2021 1:26:22 AM org.openqa.selenium.remote.ProtocolHandshake createSession
INFORMACIÓN: Detected dialect: W3C
[Test worker] INFO net.serenitybdd.core.Serenity - ?[92m
        __    _____ _____ ____ _____   ____   _    ____  ____  _____ ____  
  _     \ \  |_   _| ____/ ___|_   _| |  _ \ / \  / ___|/ ___|| ____|  _ \ 
 (_)_____| |   | | |  _| \___ \ | |   | |_) / _ \ \___ \\___ \|  _| | | | |
  _|_____| |   | | | |___ ___) || |   |  __/ ___ \ ___) |___) | |___| |_| |
 (_)     | |   |_| |_____|____/ |_|   |_| /_/   \_\____/|____/|_____|____/ 
        /_/                                                                

TEST PASSED: comprar producto en automationpractice.com
----------------------------------------------------------------------------?[0m
]]></system-err>
</testsuite>
